{
  statusCode: 401,
  level: 'error',
  service: 'user-service',
  message: 'User is not authorized. Login to save changes.',
  stack: 'Error: User is not authorized. Login to save changes.\n' +
    '    at loadUser (webpack-internal:///(api)/./src/pages/api/load-user.ts:30:19)\n' +
    '    at process.processTicksAndRejections (node:internal/process/task_queues:95:5)',
  timestamp: 'Sep-01-2023 20:00:02'
}
{
  statusCode: 401,
  level: 'error',
  service: 'user-service',
  message: 'User is not authorized. Login to save changes.',
  stack: 'Error: User is not authorized. Login to save changes.\n' +
    '    at loadUser (webpack-internal:///(api)/./src/pages/api/load-user.ts:30:19)\n' +
    '    at process.processTicksAndRejections (node:internal/process/task_queues:95:5)',
  timestamp: 'Sep-01-2023 20:00:02'
}
{
  statusCode: 401,
  level: 'error',
  service: 'user-service',
  message: 'User is not authorized. Login to save changes.',
  stack: 'Error: User is not authorized. Login to save changes.\n' +
    '    at loadUser (webpack-internal:///(api)/./src/pages/api/load-user.ts:30:19)\n' +
    '    at process.processTicksAndRejections (node:internal/process/task_queues:95:5)',
  timestamp: 'Sep-01-2023 20:04:30'
}
{
  statusCode: 401,
  level: 'error',
  service: 'user-service',
  message: 'User is not authorized. Login to save changes.',
  stack: 'Error: User is not authorized. Login to save changes.\n' +
    '    at loadUser (webpack-internal:///(api)/./src/pages/api/load-user.ts:30:19)\n' +
    '    at process.processTicksAndRejections (node:internal/process/task_queues:95:5)',
  timestamp: 'Sep-01-2023 20:04:30'
}
{
  statusCode: 401,
  level: 'error',
  service: 'user-service',
  message: 'User is not authorized. Login to save changes.',
  stack: 'Error: User is not authorized. Login to save changes.\n' +
    '    at loadUser (webpack-internal:///(api)/./src/pages/api/load-user.ts:30:19)\n' +
    '    at process.processTicksAndRejections (node:internal/process/task_queues:95:5)',
  timestamp: 'Sep-01-2023 20:05:57'
}
{
  statusCode: 401,
  level: 'error',
  service: 'user-service',
  message: 'User is not authorized. Login to save changes.',
  stack: 'Error: User is not authorized. Login to save changes.\n' +
    '    at loadUser (webpack-internal:///(api)/./src/pages/api/load-user.ts:30:19)\n' +
    '    at process.processTicksAndRejections (node:internal/process/task_queues:95:5)',
  timestamp: 'Sep-01-2023 20:05:57'
}
{
  statusCode: 401,
  level: 'error',
  service: 'user-service',
  message: 'User is not authorized. Login to save changes.',
  stack: 'Error: User is not authorized. Login to save changes.\n' +
    '    at loadUser (webpack-internal:///(api)/./src/pages/api/load-user.ts:30:19)\n' +
    '    at process.processTicksAndRejections (node:internal/process/task_queues:95:5)',
  timestamp: 'Sep-01-2023 20:06:27'
}
{
  statusCode: 401,
  level: 'error',
  service: 'user-service',
  message: 'User is not authorized. Login to save changes.',
  stack: 'Error: User is not authorized. Login to save changes.\n' +
    '    at loadUser (webpack-internal:///(api)/./src/pages/api/load-user.ts:30:19)\n' +
    '    at process.processTicksAndRejections (node:internal/process/task_queues:95:5)',
  timestamp: 'Sep-01-2023 20:06:30'
}
{
  statusCode: 401,
  level: 'error',
  service: 'user-service',
  message: 'User is not authorized. Login to save changes.',
  stack: 'Error: User is not authorized. Login to save changes.\n' +
    '    at loadUser (webpack-internal:///(api)/./src/pages/api/load-user.ts:30:19)\n' +
    '    at process.processTicksAndRejections (node:internal/process/task_queues:95:5)',
  timestamp: 'Sep-01-2023 20:06:30'
}
{
  statusCode: 401,
  level: 'error',
  service: 'user-service',
  message: 'User is not authorized. Login to save changes.',
  stack: 'Error: User is not authorized. Login to save changes.\n' +
    '    at loadUser (webpack-internal:///(api)/./src/pages/api/load-user.ts:30:19)\n' +
    '    at process.processTicksAndRejections (node:internal/process/task_queues:95:5)',
  timestamp: 'Sep-01-2023 22:52:57'
}
{
  statusCode: 401,
  level: 'error',
  service: 'user-service',
  message: 'User is not authorized. Login to save changes.',
  stack: 'Error: User is not authorized. Login to save changes.\n' +
    '    at loadUser (webpack-internal:///(api)/./src/pages/api/load-user.ts:30:19)\n' +
    '    at process.processTicksAndRejections (node:internal/process/task_queues:95:5)',
  timestamp: 'Sep-01-2023 22:52:57'
}
{
  statusCode: 401,
  level: 'error',
  service: 'user-service',
  message: 'User is not authorized. Login to save changes.',
  stack: 'Error: User is not authorized. Login to save changes.\n' +
    '    at loadUser (webpack-internal:///(api)/./src/pages/api/load-user.ts:30:19)\n' +
    '    at process.processTicksAndRejections (node:internal/process/task_queues:95:5)',
  timestamp: 'Sep-01-2023 22:52:57'
}
{
  statusCode: 401,
  level: 'error',
  service: 'user-service',
  message: 'User is not authorized. Login to save changes.',
  stack: 'Error: User is not authorized. Login to save changes.\n' +
    '    at loadUser (webpack-internal:///(api)/./src/pages/api/load-user.ts:30:19)\n' +
    '    at process.processTicksAndRejections (node:internal/process/task_queues:95:5)',
  timestamp: 'Sep-01-2023 22:53:17'
}
{
  statusCode: 401,
  level: 'error',
  service: 'user-service',
  message: 'User is not authorized. Login to save changes.',
  stack: 'Error: User is not authorized. Login to save changes.\n' +
    '    at loadUser (webpack-internal:///(api)/./src/pages/api/load-user.ts:30:19)\n' +
    '    at process.processTicksAndRejections (node:internal/process/task_queues:95:5)',
  timestamp: 'Sep-01-2023 22:53:17'
}
{
  statusCode: 401,
  level: 'error',
  service: 'user-service',
  message: 'User is not authorized. Login to save changes.',
  stack: 'Error: User is not authorized. Login to save changes.\n' +
    '    at loadUser (webpack-internal:///(api)/./src/pages/api/load-user.ts:30:19)\n' +
    '    at process.processTicksAndRejections (node:internal/process/task_queues:95:5)',
  timestamp: 'Sep-01-2023 23:04:25'
}
{
  statusCode: 401,
  level: 'error',
  service: 'user-service',
  message: 'User is not authorized. Login to save changes.',
  stack: 'Error: User is not authorized. Login to save changes.\n' +
    '    at loadUser (webpack-internal:///(api)/./src/pages/api/load-user.ts:30:19)\n' +
    '    at process.processTicksAndRejections (node:internal/process/task_queues:95:5)',
  timestamp: 'Sep-01-2023 23:04:25'
}
{
  statusCode: 401,
  level: 'error',
  service: 'user-service',
  message: 'User is not authorized. Login to save changes.',
  stack: 'Error: User is not authorized. Login to save changes.\n' +
    '    at loadUser (webpack-internal:///(api)/./src/pages/api/load-user.ts:30:19)\n' +
    '    at process.processTicksAndRejections (node:internal/process/task_queues:95:5)',
  timestamp: 'Sep-01-2023 23:06:08'
}
{
  statusCode: 401,
  level: 'error',
  service: 'user-service',
  message: 'User is not authorized. Login to save changes.',
  stack: 'Error: User is not authorized. Login to save changes.\n' +
    '    at loadUser (webpack-internal:///(api)/./src/pages/api/load-user.ts:30:19)\n' +
    '    at process.processTicksAndRejections (node:internal/process/task_queues:95:5)',
  timestamp: 'Sep-01-2023 23:06:08'
}
{
  statusCode: 401,
  level: 'error',
  service: 'user-service',
  message: 'User is not authorized. Login to save changes.',
  stack: 'Error: User is not authorized. Login to save changes.\n' +
    '    at loadUser (webpack-internal:///(api)/./src/pages/api/load-user.ts:30:19)\n' +
    '    at process.processTicksAndRejections (node:internal/process/task_queues:95:5)',
  timestamp: 'Sep-01-2023 23:06:35'
}
{
  statusCode: 401,
  level: 'error',
  service: 'user-service',
  message: 'User is not authorized. Login to save changes.',
  stack: 'Error: User is not authorized. Login to save changes.\n' +
    '    at loadUser (webpack-internal:///(api)/./src/pages/api/load-user.ts:30:19)\n' +
    '    at process.processTicksAndRejections (node:internal/process/task_queues:95:5)',
  timestamp: 'Sep-01-2023 23:06:35'
}
{
  statusCode: 401,
  level: 'error',
  service: 'user-service',
  message: 'User is not authorized. Login to save changes.',
  stack: 'Error: User is not authorized. Login to save changes.\n' +
    '    at loadUser (webpack-internal:///(api)/./src/pages/api/load-user.ts:30:19)\n' +
    '    at process.processTicksAndRejections (node:internal/process/task_queues:95:5)',
  timestamp: 'Sep-01-2023 23:08:27'
}
{
  statusCode: 401,
  level: 'error',
  service: 'user-service',
  message: 'User is not authorized. Login to save changes.',
  stack: 'Error: User is not authorized. Login to save changes.\n' +
    '    at loadUser (webpack-internal:///(api)/./src/pages/api/load-user.ts:30:19)\n' +
    '    at process.processTicksAndRejections (node:internal/process/task_queues:95:5)',
  timestamp: 'Sep-01-2023 23:08:27'
}
{
  statusCode: 401,
  level: 'error',
  service: 'user-service',
  message: 'User is not authorized. Login to save changes.',
  stack: 'Error: User is not authorized. Login to save changes.\n' +
    '    at loadUser (webpack-internal:///(api)/./src/pages/api/load-user.ts:30:19)\n' +
    '    at process.processTicksAndRejections (node:internal/process/task_queues:95:5)',
  timestamp: 'Sep-01-2023 23:08:27'
}
{
  statusCode: 401,
  level: 'error',
  service: 'user-service',
  message: 'User is not authorized. Login to save changes.',
  stack: 'Error: User is not authorized. Login to save changes.\n' +
    '    at loadUser (webpack-internal:///(api)/./src/pages/api/load-user.ts:30:19)\n' +
    '    at process.processTicksAndRejections (node:internal/process/task_queues:95:5)',
  timestamp: 'Sep-01-2023 23:08:39'
}
{
  statusCode: 401,
  level: 'error',
  service: 'user-service',
  message: 'User is not authorized. Login to save changes.',
  stack: 'Error: User is not authorized. Login to save changes.\n' +
    '    at loadUser (webpack-internal:///(api)/./src/pages/api/load-user.ts:30:19)\n' +
    '    at process.processTicksAndRejections (node:internal/process/task_queues:95:5)',
  timestamp: 'Sep-01-2023 23:08:39'
}
{
  statusCode: 401,
  level: 'error',
  service: 'user-service',
  message: 'User is not authorized. Login to save changes.',
  stack: 'Error: User is not authorized. Login to save changes.\n' +
    '    at loadUser (webpack-internal:///(api)/./src/pages/api/load-user.ts:30:19)\n' +
    '    at process.processTicksAndRejections (node:internal/process/task_queues:95:5)',
  timestamp: 'Sep-01-2023 23:09:03'
}
{
  statusCode: 401,
  level: 'error',
  service: 'user-service',
  message: 'User is not authorized. Login to save changes.',
  stack: 'Error: User is not authorized. Login to save changes.\n' +
    '    at loadUser (webpack-internal:///(api)/./src/pages/api/load-user.ts:30:19)\n' +
    '    at process.processTicksAndRejections (node:internal/process/task_queues:95:5)',
  timestamp: 'Sep-01-2023 23:09:03'
}
{
  statusCode: 401,
  level: 'error',
  service: 'user-service',
  message: 'User is not authorized. Login to save changes.',
  stack: 'Error: User is not authorized. Login to save changes.\n' +
    '    at loadUser (webpack-internal:///(api)/./src/pages/api/load-user.ts:30:19)\n' +
    '    at process.processTicksAndRejections (node:internal/process/task_queues:95:5)',
  timestamp: 'Sep-01-2023 23:09:44'
}
{
  statusCode: 401,
  level: 'error',
  service: 'user-service',
  message: 'User is not authorized. Login to save changes.',
  stack: 'Error: User is not authorized. Login to save changes.\n' +
    '    at loadUser (webpack-internal:///(api)/./src/pages/api/load-user.ts:30:19)\n' +
    '    at process.processTicksAndRejections (node:internal/process/task_queues:95:5)',
  timestamp: 'Sep-01-2023 23:09:44'
}
{
  statusCode: 401,
  level: 'error',
  service: 'user-service',
  message: 'User is not authorized. Login to save changes.',
  stack: 'Error: User is not authorized. Login to save changes.\n' +
    '    at loadUser (webpack-internal:///(api)/./src/pages/api/load-user.ts:30:19)\n' +
    '    at process.processTicksAndRejections (node:internal/process/task_queues:95:5)',
  timestamp: 'Sep-01-2023 23:09:53'
}
{
  statusCode: 401,
  level: 'error',
  service: 'user-service',
  message: 'User is not authorized. Login to save changes.',
  stack: 'Error: User is not authorized. Login to save changes.\n' +
    '    at loadUser (webpack-internal:///(api)/./src/pages/api/load-user.ts:30:19)\n' +
    '    at process.processTicksAndRejections (node:internal/process/task_queues:95:5)',
  timestamp: 'Sep-01-2023 23:09:53'
}
{
  statusCode: 401,
  level: 'error',
  service: 'user-service',
  message: 'User is not authorized. Login to save changes.',
  stack: 'Error: User is not authorized. Login to save changes.\n' +
    '    at loadUser (webpack-internal:///(api)/./src/pages/api/load-user.ts:30:19)\n' +
    '    at process.processTicksAndRejections (node:internal/process/task_queues:95:5)',
  timestamp: 'Sep-02-2023 00:21:09'
}
{
  statusCode: 401,
  level: 'error',
  service: 'user-service',
  message: 'User is not authorized. Login to save changes.',
  stack: 'Error: User is not authorized. Login to save changes.\n' +
    '    at loadUser (webpack-internal:///(api)/./src/pages/api/load-user.ts:30:19)\n' +
    '    at process.processTicksAndRejections (node:internal/process/task_queues:95:5)',
  timestamp: 'Sep-02-2023 00:21:09'
}
{
  statusCode: 401,
  level: 'error',
  service: 'user-service',
  message: 'User is not authorized. Login to save changes.',
  stack: 'Error: User is not authorized. Login to save changes.\n' +
    '    at loadUser (webpack-internal:///(api)/./src/pages/api/load-user.ts:30:19)\n' +
    '    at process.processTicksAndRejections (node:internal/process/task_queues:95:5)',
  timestamp: 'Sep-02-2023 00:21:09'
}
{
  statusCode: 401,
  level: 'error',
  service: 'user-service',
  message: 'User is not authorized. Login to save changes.',
  stack: 'Error: User is not authorized. Login to save changes.\n' +
    '    at loadUser (webpack-internal:///(api)/./src/pages/api/load-user.ts:30:19)\n' +
    '    at process.processTicksAndRejections (node:internal/process/task_queues:95:5)',
  timestamp: 'Sep-02-2023 00:28:11'
}
{
  statusCode: 401,
  level: 'error',
  service: 'user-service',
  message: 'User is not authorized. Login to save changes.',
  stack: 'Error: User is not authorized. Login to save changes.\n' +
    '    at loadUser (webpack-internal:///(api)/./src/pages/api/load-user.ts:30:19)\n' +
    '    at process.processTicksAndRejections (node:internal/process/task_queues:95:5)',
  timestamp: 'Sep-02-2023 00:28:11'
}
{
  statusCode: 401,
  level: 'error',
  service: 'user-service',
  message: 'User is not authorized. Login to save changes.',
  stack: 'Error: User is not authorized. Login to save changes.\n' +
    '    at loadUser (webpack-internal:///(api)/./src/pages/api/load-user.ts:30:19)\n' +
    '    at process.processTicksAndRejections (node:internal/process/task_queues:95:5)',
  timestamp: 'Sep-02-2023 00:28:15'
}
{
  statusCode: 401,
  level: 'error',
  service: 'user-service',
  message: 'User is not authorized. Login to save changes.',
  stack: 'Error: User is not authorized. Login to save changes.\n' +
    '    at loadUser (webpack-internal:///(api)/./src/pages/api/load-user.ts:30:19)\n' +
    '    at process.processTicksAndRejections (node:internal/process/task_queues:95:5)',
  timestamp: 'Sep-02-2023 00:28:15'
}
{
  statusCode: 401,
  level: 'error',
  service: 'user-service',
  message: 'User is not authorized. Login to save changes.',
  stack: 'Error: User is not authorized. Login to save changes.\n' +
    '    at loadUser (webpack-internal:///(api)/./src/pages/api/load-user.ts:30:19)\n' +
    '    at process.processTicksAndRejections (node:internal/process/task_queues:95:5)',
  timestamp: 'Sep-04-2023 08:53:14'
}
{
  statusCode: 401,
  level: 'error',
  service: 'user-service',
  message: 'User is not authorized. Login to save changes.',
  stack: 'Error: User is not authorized. Login to save changes.\n' +
    '    at loadUser (webpack-internal:///(api)/./src/pages/api/load-user.ts:30:19)\n' +
    '    at process.processTicksAndRejections (node:internal/process/task_queues:95:5)',
  timestamp: 'Sep-04-2023 08:53:14'
}
{
  statusCode: 401,
  level: 'error',
  service: 'user-service',
  message: 'User is not authorized. Login to save changes.',
  stack: 'Error: User is not authorized. Login to save changes.\n' +
    '    at loadUser (webpack-internal:///(api)/./src/pages/api/load-user.ts:30:19)\n' +
    '    at process.processTicksAndRejections (node:internal/process/task_queues:95:5)',
  timestamp: 'Sep-04-2023 08:56:43'
}
{
  statusCode: 401,
  level: 'error',
  service: 'user-service',
  message: 'User is not authorized. Login to save changes.',
  stack: 'Error: User is not authorized. Login to save changes.\n' +
    '    at loadUser (webpack-internal:///(api)/./src/pages/api/load-user.ts:30:19)\n' +
    '    at process.processTicksAndRejections (node:internal/process/task_queues:95:5)',
  timestamp: 'Sep-04-2023 08:56:43'
}
{
  statusCode: 401,
  level: 'error',
  service: 'user-service',
  message: 'User is not authorized. Login to save changes.',
  stack: 'Error: User is not authorized. Login to save changes.\n' +
    '    at loadUser (webpack-internal:///(api)/./src/pages/api/load-user.ts:30:19)\n' +
    '    at process.processTicksAndRejections (node:internal/process/task_queues:95:5)',
  timestamp: 'Sep-04-2023 09:00:28'
}
{
  statusCode: 401,
  level: 'error',
  service: 'user-service',
  message: 'User is not authorized. Login to save changes.',
  stack: 'Error: User is not authorized. Login to save changes.\n' +
    '    at loadUser (webpack-internal:///(api)/./src/pages/api/load-user.ts:30:19)\n' +
    '    at process.processTicksAndRejections (node:internal/process/task_queues:95:5)',
  timestamp: 'Sep-04-2023 09:00:28'
}
{
  statusCode: 401,
  level: 'error',
  service: 'user-service',
  message: 'User is not authorized. Login to save changes.',
  stack: 'Error: User is not authorized. Login to save changes.\n' +
    '    at loadUser (webpack-internal:///(api)/./src/pages/api/load-user.ts:30:19)\n' +
    '    at process.processTicksAndRejections (node:internal/process/task_queues:95:5)',
  timestamp: 'Sep-04-2023 10:35:21'
}
{
  statusCode: 401,
  level: 'error',
  service: 'user-service',
  message: 'User is not authorized. Login to save changes.',
  stack: 'Error: User is not authorized. Login to save changes.\n' +
    '    at loadUser (webpack-internal:///(api)/./src/pages/api/load-user.ts:30:19)\n' +
    '    at process.processTicksAndRejections (node:internal/process/task_queues:95:5)',
  timestamp: 'Sep-04-2023 10:38:46'
}
{
  statusCode: 401,
  level: 'error',
  service: 'user-service',
  message: 'User is not authorized. Login to save changes.',
  stack: 'Error: User is not authorized. Login to save changes.\n' +
    '    at loadUser (webpack-internal:///(api)/./src/pages/api/load-user.ts:30:19)\n' +
    '    at process.processTicksAndRejections (node:internal/process/task_queues:95:5)',
  timestamp: 'Sep-04-2023 10:38:46'
}
{
  statusCode: 500,
  level: 'error',
  service: 'user-service',
  message: 'Failed to save item list type. Please contact the developer.',
  stack: 'Error: Failed to save item list type. Please contact the developer.\n' +
    '    at saveListTypeHandler (webpack-internal:///(api)/./src/pages/api/save-list-type.ts:51:19)\n' +
    '    at process.processTicksAndRejections (node:internal/process/task_queues:95:5)',
  timestamp: 'Sep-04-2023 12:35:50'
}
{
  statusCode: 500,
  level: 'error',
  service: 'user-service',
  message: 'Failed to save item list type. Please contact the developer.',
  stack: 'Error: Failed to save item list type. Please contact the developer.\n' +
    '    at saveListTypeHandler (webpack-internal:///(api)/./src/pages/api/save-list-type.ts:51:19)\n' +
    '    at process.processTicksAndRejections (node:internal/process/task_queues:95:5)',
  timestamp: 'Sep-04-2023 12:44:56'
}
{
  statusCode: 500,
  level: 'error',
  service: 'user-service',
  message: 'Failed to save item list type. Please contact the developer.',
  stack: 'Error: Failed to save item list type. Please contact the developer.\n' +
    '    at saveListTypeHandler (webpack-internal:///(api)/./src/pages/api/save-list-type.ts:51:19)\n' +
    '    at process.processTicksAndRejections (node:internal/process/task_queues:95:5)',
  timestamp: 'Sep-04-2023 12:45:00'
}
{
  statusCode: 500,
  level: 'error',
  service: 'user-service',
  message: 'Failed to save preferred list type. Please contact the developer.',
  stack: 'Error: Failed to save preferred list type. Please contact the developer.\n' +
    '    at saveListTypeHandler (webpack-internal:///(api)/./src/pages/api/save-preferred-list-type.ts:51:19)\n' +
    '    at process.processTicksAndRejections (node:internal/process/task_queues:95:5)',
  timestamp: 'Sep-04-2023 13:14:50'
}
{
  statusCode: 500,
  level: 'error',
  service: 'user-service',
  message: 'Failed to save preferred list type. Please contact the developer.',
  stack: 'Error: Failed to save preferred list type. Please contact the developer.\n' +
    '    at saveListTypeHandler (webpack-internal:///(api)/./src/pages/api/save-preferred-list-type.ts:51:19)\n' +
    '    at process.processTicksAndRejections (node:internal/process/task_queues:95:5)',
  timestamp: 'Sep-04-2023 13:15:44'
}
{
  statusCode: 500,
  level: 'error',
  service: 'user-service',
  message: 'Failed to save preferred list type. Please contact the developer.',
  stack: 'Error: Failed to save preferred list type. Please contact the developer.\n' +
    '    at saveListTypeHandler (webpack-internal:///(api)/./src/pages/api/save-preferred-list-type.ts:51:19)\n' +
    '    at process.processTicksAndRejections (node:internal/process/task_queues:95:5)',
  timestamp: 'Sep-04-2023 13:19:07'
}
{
  statusCode: 500,
  level: 'error',
  service: 'user-service',
  message: 'Failed to save preferred list type. Please contact the developer.',
  stack: 'Error: Failed to save preferred list type. Please contact the developer.\n' +
    '    at saveListTypeHandler (webpack-internal:///(api)/./src/pages/api/save-preferred-list-type.ts:51:19)\n' +
    '    at process.processTicksAndRejections (node:internal/process/task_queues:95:5)',
  timestamp: 'Sep-04-2023 13:21:03'
}
{
  message: {
    acknowledged: true,
    modifiedCount: 1,
    upsertedId: null,
    upsertedCount: 0,
    matchedCount: 1
  },
  level: 'info',
  service: 'user-service',
  timestamp: 'Sep-04-2023 13:21:43'
}
{
  message: {
    acknowledged: true,
    modifiedCount: 0,
    upsertedId: null,
    upsertedCount: 0,
    matchedCount: 1
  },
  level: 'info',
  service: 'user-service',
  timestamp: 'Sep-04-2023 13:22:12'
}
{
  statusCode: 500,
  level: 'error',
  service: 'user-service',
  message: 'Failed to save preferred list type. Please contact the developer.',
  stack: 'Error: Failed to save preferred list type. Please contact the developer.\n' +
    '    at saveListTypeHandler (webpack-internal:///(api)/./src/pages/api/save-preferred-list-type.ts:54:19)\n' +
    '    at process.processTicksAndRejections (node:internal/process/task_queues:95:5)',
  timestamp: 'Sep-04-2023 13:22:12'
}
{
  message: {
    acknowledged: true,
    modifiedCount: 1,
    upsertedId: null,
    upsertedCount: 0,
    matchedCount: 1
  },
  level: 'info',
  service: 'user-service',
  timestamp: 'Sep-04-2023 13:32:47'
}
{
  message: {
    acknowledged: true,
    modifiedCount: 0,
    upsertedId: null,
    upsertedCount: 0,
    matchedCount: 1
  },
  level: 'info',
  service: 'user-service',
  timestamp: 'Sep-04-2023 13:32:50'
}
{
  message: {
    acknowledged: true,
    modifiedCount: 0,
    upsertedId: null,
    upsertedCount: 0,
    matchedCount: 1
  },
  level: 'info',
  service: 'user-service',
  timestamp: 'Sep-04-2023 13:32:53'
}
{
  message: {
    acknowledged: true,
    modifiedCount: 0,
    upsertedId: null,
    upsertedCount: 0,
    matchedCount: 1
  },
  level: 'info',
  service: 'user-service',
  timestamp: 'Sep-04-2023 13:32:57'
}
{
  message: {
    acknowledged: true,
    modifiedCount: 1,
    upsertedId: null,
    upsertedCount: 0,
    matchedCount: 1
  },
  level: 'info',
  service: 'user-service',
  timestamp: 'Sep-04-2023 13:33:06'
}
{
  message: {
    acknowledged: true,
    modifiedCount: 1,
    upsertedId: null,
    upsertedCount: 0,
    matchedCount: 1
  },
  level: 'info',
  service: 'user-service',
  timestamp: 'Sep-04-2023 13:33:09'
}
{
  message: {
    acknowledged: true,
    modifiedCount: 1,
    upsertedId: null,
    upsertedCount: 0,
    matchedCount: 1
  },
  level: 'info',
  service: 'user-service',
  timestamp: 'Sep-04-2023 13:33:25'
}
{
  message: {
    acknowledged: true,
    modifiedCount: 1,
    upsertedId: null,
    upsertedCount: 0,
    matchedCount: 1
  },
  level: 'info',
  service: 'user-service',
  timestamp: 'Sep-04-2023 13:33:27'
}
{
  message: {
    acknowledged: true,
    modifiedCount: 1,
    upsertedId: null,
    upsertedCount: 0,
    matchedCount: 1
  },
  level: 'info',
  service: 'user-service',
  timestamp: 'Sep-04-2023 13:33:29'
}
{
  message: {
    acknowledged: true,
    modifiedCount: 1,
    upsertedId: null,
    upsertedCount: 0,
    matchedCount: 1
  },
  level: 'info',
  service: 'user-service',
  timestamp: 'Sep-04-2023 13:33:31'
}
{
  message: {
    acknowledged: true,
    modifiedCount: 1,
    upsertedId: null,
    upsertedCount: 0,
    matchedCount: 1
  },
  level: 'info',
  service: 'user-service',
  timestamp: 'Sep-04-2023 13:33:34'
}
{
  message: {
    acknowledged: true,
    modifiedCount: 1,
    upsertedId: null,
    upsertedCount: 0,
    matchedCount: 1
  },
  level: 'info',
  service: 'user-service',
  timestamp: 'Sep-04-2023 13:33:36'
}
