{
  statusCode: 404,
  level: 'error',
  service: 'user-service',
  message: 'Failed to load user operations. Please contact the developer.',
  stack: 'Error: Failed to load user operations. Please contact the developer.\n' +
    '    at loadUser (webpack-internal:///(api)/./src/pages/api/user/load-user.ts:74:19)\n' +
    '    at process.processTicksAndRejections (node:internal/process/task_queues:95:5)',
  timestamp: 'Sep-16-2023 22:19:11'
}
{
  statusCode: 404,
  level: 'error',
  service: 'user-service',
  message: 'Failed to load user operations. Please contact the developer.',
  stack: 'Error: Failed to load user operations. Please contact the developer.\n' +
    '    at loadUser (webpack-internal:///(api)/./src/pages/api/user/load-user.ts:74:19)\n' +
    '    at process.processTicksAndRejections (node:internal/process/task_queues:95:5)',
  timestamp: 'Sep-16-2023 22:19:11'
}
{
  index: 0,
  code: 52,
  level: 'error',
  service: 'user-service',
  message: "The dollar ($) prefixed field '$push' in '$push' is not allowed in the context of an update's replacement document. Consider using an aggregation pipeline with $replaceWith.",
  stack: "MongoServerError: The dollar ($) prefixed field '$push' in '$push' is not allowed in the context of an update's replacement document. Consider using an aggregation pipeline with $replaceWith.\n" +
    '    at D:\\Projects\\Personal_Projects\\inventorific\\node_modules\\.pnpm\\mongodb@5.7.0\\node_modules\\mongodb\\lib\\operations\\update.js:70:33\n' +
    '    at D:\\Projects\\Personal_Projects\\inventorific\\node_modules\\.pnpm\\mongodb@5.7.0\\node_modules\\mongodb\\lib\\cmap\\connection_pool.js:331:21\n' +
    '    at D:\\Projects\\Personal_Projects\\inventorific\\node_modules\\.pnpm\\mongodb@5.7.0\\node_modules\\mongodb\\lib\\sdam\\server.js:209:17\n' +
    '    at handleOperationResult (D:\\Projects\\Personal_Projects\\inventorific\\node_modules\\.pnpm\\mongodb@5.7.0\\node_modules\\mongodb\\lib\\sdam\\server.js:337:20)\n' +
    '    at Connection.onMessage (D:\\Projects\\Personal_Projects\\inventorific\\node_modules\\.pnpm\\mongodb@5.7.0\\node_modules\\mongodb\\lib\\cmap\\connection.js:206:9)\n' +
    '    at MessageStream.<anonymous> (D:\\Projects\\Personal_Projects\\inventorific\\node_modules\\.pnpm\\mongodb@5.7.0\\node_modules\\mongodb\\lib\\cmap\\connection.js:61:60)\n' +
    '    at MessageStream.emit (node:events:514:28)\n' +
    '    at processIncomingData (D:\\Projects\\Personal_Projects\\inventorific\\node_modules\\.pnpm\\mongodb@5.7.0\\node_modules\\mongodb\\lib\\cmap\\message_stream.js:124:16)\n' +
    '    at MessageStream._write (D:\\Projects\\Personal_Projects\\inventorific\\node_modules\\.pnpm\\mongodb@5.7.0\\node_modules\\mongodb\\lib\\cmap\\message_stream.js:33:9)\n' +
    '    at writeOrBuffer (node:internal/streams/writable:392:12)\n' +
    '    at _write (node:internal/streams/writable:333:10)\n' +
    '    at Writable.write (node:internal/streams/writable:337:10)\n' +
    '    at TLSSocket.ondata (node:internal/streams/readable:766:22)\n' +
    '    at TLSSocket.emit (node:events:514:28)\n' +
    '    at addChunk (node:internal/streams/readable:324:12)\n' +
    '    at readableAddChunk (node:internal/streams/readable:297:9)\n' +
    '    at Readable.push (node:internal/streams/readable:234:10)\n' +
    '    at TLSWrap.onStreamRead (node:internal/stream_base_commons:190:23)',
  timestamp: 'Sep-17-2023 09:19:54',
  [Symbol(errorLabels)]: Set(0) {}
}
